2025-07-26T10:02:24.261Z error:500 - Unauthorized user - GET - /property/allview - ::1
2025-07-26T10:02:24.280Z error:500 - Unauthorized user - GET - /user/current-user - ::1
2025-07-26T10:50:31.466Z error:500 - Review validation failed: Ratings: Path `Ratings` (6) is more than maximum allowed value (5). - POST - /review/create - ::1
2025-07-26T10:50:49.038Z error:500 - Review validation failed: Ratings: Path `Ratings` (6) is more than maximum allowed value (5). - POST - /review/create - ::1
2025-07-26T11:02:44.028Z error:500 - jwt expired - GET - /property/view/6821a39a03751f22c82f3cca - ::1
2025-07-26T11:02:44.033Z error:500 - jwt expired - GET - /review/allread/6821a39a03751f22c82f3cca - ::1
2025-07-26T11:02:49.070Z error:500 - jwt expired - GET - /property/view/6821a39a03751f22c82f3cca - ::1
2025-07-26T11:02:49.074Z error:500 - jwt expired - GET - /review/allread/6821a39a03751f22c82f3cca - ::1
2025-07-26T11:02:53.605Z error:500 - jwt expired - GET - /property/view/6821a39a03751f22c82f3cca - ::1
2025-07-26T11:02:53.609Z error:500 - jwt expired - GET - /review/allread/6821a39a03751f22c82f3cca - ::1
2025-07-26T11:02:57.396Z error:500 - jwt expired - GET - /property/allview - ::1
2025-07-26T11:22:57.645Z error:500 - Cast to ObjectId failed for value "undefined" (type string) at path "_id" for model "Review" - DELETE - /review/delete/undefined - ::1
2025-07-26T11:30:52.075Z error:500 - Cast to ObjectId failed for value "undefined" (type string) at path "_id" for model "Review" - DELETE - /review/delete/undefined - ::1
2025-07-26T12:03:13.253Z error:500 - jwt expired - GET - /user/current-user - ::1
2025-07-26T12:03:13.256Z error:500 - jwt expired - GET - /property/allview - ::1
2025-07-26T12:30:06.013Z error:500 - Error in Fetching PropertyView - GET - /property/view/6883edba67723741d000781a - ::1
2025-07-26T12:42:12.554Z error:500 - Error in Fetching PropertyView - GET - /property/view/6883e77467723741d00076d7 - ::1
2025-07-26T13:07:20.657Z error:500 - jwt expired - GET - /user/current-user - ::1
2025-07-26T13:36:52.862Z error:500 - Error in Fetching PropertyView - GET - /property/view/6883e77467723741d00076d7 - ::1
2025-07-26T13:38:09.258Z error:500 - Error in Fetching PropertyView - GET - /property/view/6883e77467723741d00076d7 - ::1
2025-07-26T13:38:10.070Z error:500 - Error in Fetching PropertyView - GET - /property/view/6883e77467723741d00076d7 - ::1
2025-07-26T13:38:10.582Z error:500 - Error in Fetching PropertyView - GET - /property/view/6883e77467723741d00076d7 - ::1
2025-07-26T13:39:24.881Z error:500 - Error in Fetching PropertyView - GET - /property/view/6883edba67723741d000781a - ::1
2025-07-26T13:49:10.142Z error:500 - Cast to ObjectId failed for value "undefined" (type string) at path "_id" for model "Property" - GET - /property/view/undefined - ::1
2025-07-26T13:49:10.146Z error:500 - Cast to ObjectId failed for value "undefined" (type string) at path "Property" for model "Review" - GET - /review/allread/undefined - ::1
2025-07-26T13:51:06.715Z error:500 - Cast to ObjectId failed for value "undefined" (type string) at path "_id" for model "Property" - GET - /property/view/undefined - ::1
2025-07-26T13:51:06.721Z error:500 - Cast to ObjectId failed for value "undefined" (type string) at path "Property" for model "Review" - GET - /review/allread/undefined - ::1
2025-07-26T13:56:19.338Z error:500 - Error in Fetching PropertyView - GET - /property/view/6883edba67723741d000781a - ::1
2025-07-26T13:56:50.476Z error:500 - Error in Fetching PropertyView - GET - /property/view/6883edba67723741d000781a - ::1
2025-07-26T13:57:00.116Z error:500 - Error in Fetching PropertyView - GET - /property/view/6883edba67723741d000781a - ::1
2025-07-26T14:18:04.942Z error:500 - Error in Fetching PropertyView - GET - /property/view/6883edba67723741d000781a - ::1
2025-07-26T14:31:41.220Z error:500 - Unauthorized user - GET - /property/allview - ::1
2025-07-26T14:31:41.224Z error:500 - Unauthorized user - GET - /user/current-user - ::1
2025-07-26T15:29:55.147Z error:500 - Unauthorized user - GET - /user/current-user - ::1
2025-07-26T15:29:55.157Z error:500 - Unauthorized user - GET - /property/allview - ::1
2025-07-26T15:42:08.314Z error:500 - Property Id not found ! - POST - /booking/create - ::1
2025-07-26T15:43:52.964Z error:500 - Booking not Found ! - DELETE - /booking/delete/681f9088389a0b49d3110eb2 - ::1
2025-07-26T16:04:14.780Z error:500 - Cast to ObjectId failed for value "[object Object]" (type string) at path "_id" for model "Booking" - DELETE - /booking/delete/[object%20Object] - ::1
2025-07-26T16:07:29.227Z error:500 - Unauthorized user - GET - /property/allview - ::1
2025-07-26T16:07:29.243Z error:500 - Unauthorized user - GET - /user/current-user - ::1
2025-07-26T16:12:25.705Z error:500 - Unauthorized user - GET - /property/allview - ::1
2025-07-26T16:12:25.710Z error:500 - Unauthorized user - GET - /user/current-user - ::1
2025-07-26T16:12:26.764Z error:500 - Unauthorized user - GET - /property/allview - ::1
2025-07-26T16:12:26.768Z error:500 - Unauthorized user - GET - /user/current-user - ::1
2025-07-26T16:12:26.906Z error:500 - Unauthorized user - GET - /property/allview - ::1
2025-07-26T16:12:26.909Z error:500 - Unauthorized user - GET - /user/current-user - ::1
2025-07-26T18:07:53.554Z error:500 - Unauthorized user - GET - /user/current-user - ::1
2025-07-26T18:07:53.566Z error:500 - Unauthorized user - GET - /property/allview - ::1
2025-07-26T18:42:41.439Z error:500 - User not found - DELETE - /admin/user-delete/6884fe95d148a796c94f1369 - ::1
2025-07-26T18:42:43.893Z error:500 - User not found - GET - /admin/property-view - ::1
2025-07-26T18:42:48.705Z error:500 - User not found - GET - /admin/booking-view - ::1
2025-07-26T18:42:53.826Z error:500 - User not found - GET - /admin/user-view - ::1
2025-07-26T18:43:00.378Z error:500 - User not found - GET - /admin/property-view - ::1
2025-07-26T18:43:01.915Z error:500 - User not found - GET - /admin/user-view - ::1
2025-07-26T18:44:30.802Z error:500 - User not found - GET - /admin/property-view - ::1
2025-07-26T18:44:32.645Z error:500 - User not found - GET - /admin/booking-view - ::1
2025-07-26T18:44:34.326Z error:500 - User not found - GET - /admin/user-view - ::1
2025-07-26T18:48:48.340Z error:500 - user not found ! - GET - /user/current-user - ::1
2025-07-26T18:48:48.343Z error:500 - User not found - GET - /admin/user-view - ::1
2025-07-26T18:49:29.219Z error:500 - User not found - GET - /admin/user-view - ::1
2025-07-26T18:49:35.332Z error:500 - User not found - GET - /admin/user-view - ::1
2025-07-26T18:50:24.503Z error:500 - User not found - GET - /admin/property-view - ::1
2025-07-26T18:52:05.370Z error:500 - User not found - GET - /admin/property-view - ::1
2025-07-26T18:52:05.372Z error:500 - user not found ! - GET - /user/current-user - ::1
2025-07-26T18:52:10.182Z error:500 - User not found - GET - /admin/booking-view - ::1
2025-07-26T18:52:13.768Z error:500 - User not found - GET - /admin/user-view - ::1
2025-07-26T19:04:56.328Z error:500 - User not found - GET - /admin/user-view - ::1
2025-07-26T19:04:56.330Z error:500 - user not found ! - GET - /user/current-user - ::1
2025-07-26T19:05:54.429Z error:500 - user not found ! - GET - /user/current-user - ::1
2025-07-26T19:06:15.423Z error:500 - user not found ! - GET - /user/current-user - ::1
2025-07-26T19:07:01.013Z error:500 - user not found ! - GET - /user/current-user - ::1
2025-07-26T19:07:01.028Z error:500 - user not found ! - GET - /property/allview - ::1
2025-07-26T19:07:14.081Z error:500 - User not Found - POST - /user/login - ::1
2025-07-26T19:07:21.320Z error:500 - User not Found - POST - /user/login - ::1
2025-07-26T19:07:36.099Z error:500 - User not Found - POST - /user/login - ::1
2025-07-26T19:09:06.439Z error:500 - Access Denied - GET - /admin/user-view - ::1
2025-07-26T19:09:11.462Z error:500 - Access Denied - GET - /admin/property-view - ::1
2025-07-26T19:09:14.733Z error:500 - Access Denied - GET - /admin/booking-view - ::1
2025-07-26T19:09:16.985Z error:500 - Access Denied - GET - /admin/user-view - ::1
2025-07-26T19:09:17.906Z error:500 - Access Denied - GET - /admin/property-view - ::1
2025-07-26T19:09:36.440Z error:500 - Access Denied - GET - /admin/user-view - ::1
2025-07-26T19:11:58.167Z error:500 - Access Denied - GET - /admin/user-view - ::1
2025-07-26T19:12:14.460Z error:500 - Access Denied - GET - /admin/property-view - ::1
2025-07-26T19:12:21.665Z error:500 - Access Denied - GET - /admin/booking-view - ::1
2025-07-26T19:15:53.757Z error:500 - Access Denied - GET - /admin/user-view - ::1
2025-07-26T19:21:36.203Z error:500 - User not Found - POST - /user/login - ::1
2025-07-26T19:22:59.182Z error:500 - Access Denied - GET - /admin/user-view - ::1
2025-07-26T20:23:22.364Z error:500 - jwt expired - GET - /admin/user-view - ::1
2025-07-26T20:23:45.359Z error:500 - jwt expired - GET - /admin/user-view - ::1
2025-07-26T20:24:00.719Z error:500 - jwt expired - GET - /admin/user-view - ::1
2025-07-26T20:25:59.097Z error:500 - jwt expired - GET - /admin/user-view - ::1
2025-07-26T20:26:04.626Z error:500 - jwt expired - GET - /admin/user-view - ::1
2025-07-26T20:26:19.475Z error:500 - jwt expired - GET - /admin/user-view - ::1
2025-07-26T20:26:31.357Z error:500 - jwt expired - GET - /admin/user-view - ::1
2025-07-26T20:26:32.889Z error:500 - jwt expired - GET - /admin/user-view - ::1
2025-07-26T20:27:05.352Z error:500 - jwt expired - GET - /admin/user-view - ::1
2025-07-26T20:27:08.219Z error:500 - jwt expired - GET - /admin/user-view - ::1
2025-07-26T20:27:13.445Z error:500 - jwt expired - GET - /admin/user-view - ::1
2025-07-26T20:27:22.976Z error:500 - jwt expired - GET - /admin/user-view - ::1
2025-07-26T20:27:29.318Z error:500 - jwt expired - GET - /admin/user-view - ::1
2025-07-26T20:27:32.080Z error:500 - jwt expired - GET - /admin/user-view - ::1
2025-07-26T20:27:32.088Z error:500 - jwt expired - GET - /user/current-user - ::1
2025-07-26T20:27:32.093Z error:500 - jwt expired - GET - /admin/profile - ::1
2025-07-26T20:27:33.103Z error:500 - jwt expired - GET - /admin/user-view - ::1
2025-07-26T20:27:33.107Z error:500 - jwt expired - GET - /user/current-user - ::1
2025-07-26T20:27:33.109Z error:500 - jwt expired - GET - /admin/profile - ::1
2025-07-26T20:27:33.613Z error:500 - jwt expired - GET - /admin/user-view - ::1
2025-07-26T20:27:33.617Z error:500 - jwt expired - GET - /user/current-user - ::1
2025-07-26T20:27:33.618Z error:500 - jwt expired - GET - /admin/profile - ::1
2025-07-26T20:27:33.811Z error:500 - jwt expired - GET - /admin/user-view - ::1
2025-07-26T20:27:33.815Z error:500 - jwt expired - GET - /user/current-user - ::1
2025-07-26T20:27:33.817Z error:500 - jwt expired - GET - /admin/profile - ::1
2025-07-26T20:27:34.024Z error:500 - jwt expired - GET - /admin/user-view - ::1
2025-07-26T20:27:34.028Z error:500 - jwt expired - GET - /user/current-user - ::1
2025-07-26T20:27:34.029Z error:500 - jwt expired - GET - /admin/profile - ::1
2025-07-26T20:27:35.356Z error:500 - jwt expired - GET - /admin/user-view - ::1
2025-07-26T20:27:35.360Z error:500 - jwt expired - GET - /user/current-user - ::1
2025-07-26T20:27:35.361Z error:500 - jwt expired - GET - /admin/profile - ::1
2025-07-26T20:27:35.561Z error:500 - jwt expired - GET - /admin/user-view - ::1
2025-07-26T20:27:35.568Z error:500 - jwt expired - GET - /user/current-user - ::1
2025-07-26T20:27:35.570Z error:500 - jwt expired - GET - /admin/profile - ::1
2025-07-26T20:27:35.680Z error:500 - jwt expired - GET - /admin/user-view - ::1
2025-07-26T20:27:35.682Z error:500 - jwt expired - GET - /user/current-user - ::1
2025-07-26T20:27:35.684Z error:500 - jwt expired - GET - /admin/profile - ::1
2025-07-26T20:29:17.338Z error:500 - jwt expired - GET - /admin/user-view - ::1
2025-07-26T20:29:22.365Z error:500 - jwt expired - GET - /admin/user-view - ::1
2025-07-26T20:29:29.360Z error:500 - jwt expired - GET - /admin/user-view - ::1
2025-07-26T20:29:31.324Z error:500 - jwt expired - GET - /admin/user-view - ::1
2025-07-26T20:29:34.350Z error:500 - jwt expired - GET - /admin/user-view - ::1
2025-07-26T20:29:36.380Z error:500 - jwt expired - GET - /admin/user-view - ::1
2025-07-26T20:29:38.330Z error:500 - jwt expired - GET - /admin/user-view - ::1
2025-07-26T20:29:45.409Z error:500 - jwt expired - GET - /admin/user-view - ::1
2025-07-26T20:29:49.333Z error:500 - jwt expired - GET - /admin/user-view - ::1
2025-07-27T05:58:02.960Z error:500 - Unauthorized user - GET - /property/allview - ::1
2025-07-27T05:58:02.977Z error:500 - Unauthorized user - GET - /user/current-user - ::1
2025-07-27T05:59:26.151Z error:500 - Access Denied - GET - /admin/user-view - ::1
2025-07-27T05:59:26.202Z error:500 - Access Denied - GET - /admin/profile - ::1
2025-07-27T06:02:51.217Z error:500 - Access Denied - GET - /admin/user-view - ::1
2025-07-27T06:02:51.285Z error:500 - Access Denied - GET - /admin/profile - ::1
2025-07-27T07:35:26.407Z error:500 - Unauthorized user - GET - /user/current-user - ::1
2025-07-27T07:35:26.423Z error:500 - Unauthorized user - GET - /property/allview - ::1
2025-07-27T09:11:05.752Z error:500 - Unauthorized user - GET - /property/allview - ::1
2025-07-27T09:11:05.767Z error:500 - Unauthorized user - GET - /user/current-user - ::1
2025-07-27T09:55:32.771Z error:500 - Unauthorized user - GET - /user/current-user - ::1
2025-07-27T09:55:32.782Z error:500 - Unauthorized user - GET - /property/allview - ::1
2025-07-27T11:03:11.823Z error:500 - jwt expired - GET - /user/current-user - ::1
2025-07-27T11:03:14.139Z error:500 - jwt expired - GET - /user/current-user - ::1
2025-07-27T11:38:44.498Z error:500 - All fields are required - POST - /payment/verify - ::1
2025-07-27T11:39:39.843Z error:500 - All fields are required - POST - /payment/verify - ::1
2025-07-27T13:00:06.211Z error:500 - jwt expired - GET - /user/current-user - ::1
2025-07-27T13:00:06.219Z error:500 - jwt expired - GET - /property/allview - ::1
2025-07-27T13:12:28.042Z error:500 - Payment Verification failed ! - POST - /payment/verify - ::1
2025-07-27T13:12:28.050Z error:500 - Payment Verification failed ! - POST - /payment/verify - ::1
2025-07-27T13:29:08.265Z error:500 - Payment Verification failed ! - POST - /payment/verify - ::1
2025-07-27T13:29:08.292Z error:500 - Payment Verification failed ! - POST - /payment/verify - ::1
2025-07-27T13:33:59.238Z error:500 - Payment Verification failed ! - POST - /payment/verify - ::1
2025-07-27T13:33:59.242Z error:500 - Payment Verification failed ! - POST - /payment/verify - ::1
2025-07-27T13:45:28.313Z error:500 - Payment Verification failed ! - POST - /payment/verify - ::1
2025-07-27T13:45:28.318Z error:500 - Payment Verification failed ! - POST - /payment/verify - ::1
2025-07-27T13:59:40.669Z error:500 - Unauthorized user - GET - /property/allview - ::1
2025-07-27T13:59:40.676Z error:500 - Unauthorized user - GET - /user/current-user - ::1
2025-07-28T05:54:04.522Z error:500 - Unauthorized user - GET - /property/allview - ::1
2025-07-28T05:54:04.537Z error:500 - Unauthorized user - GET - /user/current-user - ::1
